#
# A fatal error has been detected by the Java Runtime Environment:
#
#  EXCEPTION_ACCESS_VIOLATION (0xc0000005) at pc=0x73150b80, pid=8116, tid=7520
#
# JRE version: 7.0_17-b02
# Java VM: Java HotSpot(TM) Client VM (23.7-b01 mixed mode windows-x86 )
# Problematic frame:
# V  [jvm.dll+0x20b80]
#
# Failed to write core dump. Minidumps are not enabled by default on client versions of Windows
#
# If you would like to submit a bug report, please visit:
#   http://bugreport.sun.com/bugreport/crash.jsp
#

---------------  T H R E A D  ---------------

Current thread (0x0102bc00):  JavaThread "JDWP Transport Listener: dt_socket" daemon [_thread_in_vm, id=7520, stack(0x18e50000,0x18ea0000)]

siginfo: ExceptionCode=0xc0000005, reading address 0x00000008

Registers:
EAX=0x04b8ce60, EBX=0x04b8ce60, ECX=0x00000000, EDX=0x00000000
ESP=0x18e9f520, EBP=0x18e9f524, ESI=0x00000000, EDI=0x0102bc00
EIP=0x73150b80, EFLAGS=0x00010246

Top of Stack: (sp=0x18e9f520)
0x18e9f520:   0102bd28 18e9f54c 731d63f3 04b8ce60
0x18e9f530:   0102bd28 74c9e174 74c9e15c 0102bc00
0x18e9f540:   00000000 0102bd28 18e9f610 74c9e99c
0x18e9f550:   74c863b2 0102bd28 01049770 00000000
0x18e9f560:   18e9f584 18e9f610 0104fc60 18e9f5c0
0x18e9f570:   01049770 18e9f590 74c8bd12 18e9f590
0x18e9f580:   18e9f5c4 74c9e890 751e5004 74ca2c68
0x18e9f590:   19ca4158 0000000b 00000000 00000013 

Instructions: (pc=0x73150b80)
0x73150b60:   8b 0d 48 0d 43 73 85 c9 7e 05 8b 0c 01 eb 02 33
0x73150b70:   c9 8b 15 4c 0d 43 73 85 d2 7e 05 8b 04 02 eb 03
0x73150b80:   8b 46 08 85 c0 75 0f 33 c9 50 51 e8 c0 cb 14 00
0x73150b90:   83 c4 08 5e 5d c3 8d 4c 4e 0c 50 51 e8 af cb 14 


Register to memory mapping:

EAX=
[error occurred during error reporting (printing register info), id 0xc0000005]

Stack: [0x18e50000,0x18ea0000],  sp=0x18e9f520,  free space=317k
Native frames: (J=compiled Java code, j=interpreted, Vv=VM code, C=native code)
V  [jvm.dll+0x20b80]
V  [jvm.dll+0xa63f3]


---------------  P R O C E S S  ---------------

Java Threads: ( => current thread )
  0x19af3c00 JavaThread "D3D Screen Updater" daemon [_thread_blocked, id=7636, stack(0x1c630000,0x1c680000)]
  0x19ac9400 JavaThread "TimerQueue" daemon [_thread_blocked, id=6328, stack(0x1ba60000,0x1bab0000)]
  0x00a7b400 JavaThread "DestroyJavaVM" [_thread_blocked, id=1536, stack(0x00400000,0x00450000)]
  0x01184400 JavaThread "AWT-EventQueue-0" [_thread_blocked, id=7012, stack(0x19440000,0x19490000)]
  0x01183c00 JavaThread "AWT-Windows" daemon [_thread_in_native, id=3756, stack(0x19490000,0x194e0000)]
  0x01183000 JavaThread "AWT-Shutdown" [_thread_blocked, id=160, stack(0x193f0000,0x19440000)]
  0x01181800 JavaThread "Java2D Disposer" daemon [_thread_blocked, id=6212, stack(0x190c0000,0x19110000)]
  0x01044400 JavaThread "Service Thread" daemon [_thread_blocked, id=3088, stack(0x18fe0000,0x19030000)]
  0x01041c00 JavaThread "C1 CompilerThread0" daemon [_thread_blocked, id=1096, stack(0x19070000,0x190c0000)]
  0x01032400 JavaThread "JDWP Command Reader" daemon [_thread_in_native, id=9160, stack(0x18c30000,0x18c80000)]
  0x01031000 JavaThread "JDWP Event Helper Thread" daemon [_thread_blocked, id=7736, stack(0x18f70000,0x18fc0000)]
=>0x0102bc00 JavaThread "JDWP Transport Listener: dt_socket" daemon [_thread_in_vm, id=7520, stack(0x18e50000,0x18ea0000)]
  0x0101ec00 JavaThread "Attach Listener" daemon [_thread_blocked, id=8460, stack(0x18a80000,0x18ad0000)]
  0x0101bc00 JavaThread "Signal Dispatcher" daemon [_thread_blocked, id=8696, stack(0x00e50000,0x00ea0000)]
  0x00f9f800 JavaThread "Finalizer" daemon [_thread_blocked, id=2264, stack(0x188d0000,0x18920000)]
  0x00f9ac00 JavaThread "Reference Handler" daemon [_thread_blocked, id=5296, stack(0x00ec0000,0x00f10000)]

Other Threads:
  0x00f96400 VMThread [stack: 0x01290000,0x012e0000] [id=8840]
  0x01051000 WatcherThread [stack: 0x19280000,0x192d0000] [id=5540]

VM state:not at safepoint (normal execution)

VM Mutex/Monitor currently owned by a thread: None

Heap
 def new generation   total 4928K, used 4886K [0x04760000, 0x04cb0000, 0x09cb0000)
  eden space 4416K,  99% used [0x04760000, 0x04ba5928, 0x04bb0000)
  from space 512K, 100% used [0x04c30000, 0x04cb0000, 0x04cb0000)
  to   space 512K,   0% used [0x04bb0000, 0x04bb0000, 0x04c30000)
 tenured generation   total 10944K, used 3332K [0x09cb0000, 0x0a760000, 0x14760000)
   the space 10944K,  30% used [0x09cb0000, 0x09ff1048, 0x09ff1200, 0x0a760000)
 compacting perm gen  total 12288K, used 9140K [0x14760000, 0x15360000, 0x18760000)
   the space 12288K,  74% used [0x14760000, 0x1504d300, 0x1504d400, 0x15360000)
No shared spaces configured.

Card table byte_map: [0x00da0000,0x00e50000] byte_map_base: 0x00d7c500

Polling page: 0x00110000

Code Cache  [0x02760000, 0x02888000, 0x04760000)
 total_blobs=596 nmethods=368 adapters=171 free_code_cache=31614Kb largest_free_block=32372736

Compilation events (10 events):
Event: 68.184 Thread 0x01041c00  364             java.util.AbstractList$Itr::checkForComodification (23 bytes)
Event: 68.184 Thread 0x01041c00 nmethod 364 0x0287ef88 code [0x0287f0a0, 0x0287f1ac]
Event: 73.685 Thread 0x01041c00  365             sun.java2d.StateTrackableDelegate$1::isCurrent (17 bytes)
Event: 73.685 Thread 0x01041c00 nmethod 365 0x0287f288 code [0x0287f380, 0x0287f420]
Event: 92.565 Thread 0x01041c00  366             java.util.AbstractCollection::toString (89 bytes)
Event: 92.565 Thread 0x01041c00 nmethod 366 0x0287f488 code [0x0287f650, 0x0287fad4]
Event: 100.386 Thread 0x01041c00  367             sun.java2d.d3d.D3DSurfaceData$D3DWindowSurfaceData::isDirty (18 bytes)
Event: 100.386 Thread 0x01041c00 nmethod 367 0x02880288 code [0x02880390, 0x0288043c]
Event: 207.691 Thread 0x01041c00  368             sun.misc.FloatingDecimal::countBits (80 bytes)
Event: 207.691 Thread 0x01041c00 nmethod 368 0x02880488 code [0x02880590, 0x02880750]

GC Heap History (6 events):
Event: 3.163 GC heap before
{Heap before GC invocations=0 (full 0):
 def new generation   total 4928K, used 4416K [0x04760000, 0x04cb0000, 0x09cb0000)
  eden space 4416K, 100% used [0x04760000, 0x04bb0000, 0x04bb0000)
  from space 512K,   0% used [0x04bb0000, 0x04bb0000, 0x04c30000)
  to   space 512K,   0% used [0x04c30000, 0x04c30000, 0x04cb0000)
 tenured generation   total 10944K, used 0K [0x09cb0000, 0x0a760000, 0x14760000)
   the space 10944K,   0% used [0x09cb0000, 0x09cb0000, 0x09cb0200, 0x0a760000)
 compacting perm gen  total 12288K, used 7451K [0x14760000, 0x15360000, 0x18760000)
   the space 12288K,  60% used [0x14760000, 0x14ea6cf8, 0x14ea6e00, 0x15360000)
No shared spaces configured.
Event: 3.170 GC heap after
Heap after GC invocations=1 (full 0):
 def new generation   total 4928K, used 512K [0x04760000, 0x04cb0000, 0x09cb0000)
  eden space 4416K,   0% used [0x04760000, 0x04760000, 0x04bb0000)
  from space 512K, 100% used [0x04c30000, 0x04cb0000, 0x04cb0000)
  to   space 512K,   0% used [0x04bb0000, 0x04bb0000, 0x04c30000)
 tenured generation   total 10944K, used 1204K [0x09cb0000, 0x0a760000, 0x14760000)
   the space 10944K,  11% used [0x09cb0000, 0x09ddd168, 0x09ddd200, 0x0a760000)
 compacting perm gen  total 12288K, used 7451K [0x14760000, 0x15360000, 0x18760000)
   the space 12288K,  60% used [0x14760000, 0x14ea6cf8, 0x14ea6e00, 0x15360000)
No shared spaces configured.
}
Event: 3.254 GC heap before
{Heap before GC invocations=1 (full 0):
 def new generation   total 4928K, used 4928K [0x04760000, 0x04cb0000, 0x09cb0000)
  eden space 4416K, 100% used [0x04760000, 0x04bb0000, 0x04bb0000)
  from space 512K, 100% used [0x04c30000, 0x04cb0000, 0x04cb0000)
  to   space 512K,   0% used [0x04bb0000, 0x04bb0000, 0x04c30000)
 tenured generation   total 10944K, used 1204K [0x09cb0000, 0x0a760000, 0x14760000)
   the space 10944K,  11% used [0x09cb0000, 0x09ddd168, 0x09ddd200, 0x0a760000)
 compacting perm gen  total 12288K, used 8463K [0x14760000, 0x15360000, 0x18760000)
   the space 12288K,  68% used [0x14760000, 0x14fa3fc8, 0x14fa4000, 0x15360000)
No shared spaces configured.
Event: 3.259 GC heap after
Heap after GC invocations=2 (full 0):
 def new generation   total 4928K, used 512K [0x04760000, 0x04cb0000, 0x09cb0000)
  eden space 4416K,   0% used [0x04760000, 0x04760000, 0x04bb0000)
  from space 512K, 100% used [0x04bb0000, 0x04c30000, 0x04c30000)
  to   space 512K,   0% used [0x04c30000, 0x04c30000, 0x04cb0000)
 tenured generation   total 10944K, used 2236K [0x09cb0000, 0x0a760000, 0x14760000)
   the space 10944K,  20% used [0x09cb0000, 0x09edf058, 0x09edf200, 0x0a760000)
 compacting perm gen  total 12288K, used 8463K [0x14760000, 0x15360000, 0x18760000)
   the space 12288K,  68% used [0x14760000, 0x14fa3fc8, 0x14fa4000, 0x15360000)
No shared spaces configured.
}
Event: 3.338 GC heap before
{Heap before GC invocations=2 (full 0):
 def new generation   total 4928K, used 4908K [0x04760000, 0x04cb0000, 0x09cb0000)
  eden space 4416K,  99% used [0x04760000, 0x04bab3b0, 0x04bb0000)
  from space 512K, 100% used [0x04bb0000, 0x04c30000, 0x04c30000)
  to   space 512K,   0% used [0x04c30000, 0x04c30000, 0x04cb0000)
 tenured generation   total 10944K, used 2236K [0x09cb0000, 0x0a760000, 0x14760000)
   the space 10944K,  20% used [0x09cb0000, 0x09edf058, 0x09edf200, 0x0a760000)
 compacting perm gen  total 12288K, used 9043K [0x14760000, 0x15360000, 0x18760000)
   the space 12288K,  73% used [0x14760000, 0x15034f80, 0x15035000, 0x15360000)
No shared spaces configured.
Event: 3.343 GC heap after
Heap after GC invocations=3 (full 0):
 def new generation   total 4928K, used 512K [0x04760000, 0x04cb0000, 0x09cb0000)
  eden space 4416K,   0% used [0x04760000, 0x04760000, 0x04bb0000)
  from space 512K, 100% used [0x04c30000, 0x04cb0000, 0x04cb0000)
  to   space 512K,   0% used [0x04bb0000, 0x04bb0000, 0x04c30000)
 tenured generation   total 10944K, used 3332K [0x09cb0000, 0x0a760000, 0x14760000)
   the space 10944K,  30% used [0x09cb0000, 0x09ff1048, 0x09ff1200, 0x0a760000)
 compacting perm gen  total 12288K, used 9043K [0x14760000, 0x15360000, 0x18760000)
   the space 12288K,  73% used [0x14760000, 0x15034f80, 0x15035000, 0x15360000)
No shared spaces configured.
}

Deoptimization events (0 events):
No events

Internal exceptions (10 events):
Event: 3.358 Thread 0x01184400 Threw 0x04a09158 at C:\jdk7u2_32P\jdk7u17\hotspot\src\share\vm\prims\jvm.cpp:1166
Event: 3.358 Thread 0x01184400 Threw 0x04a0bc78 at C:\jdk7u2_32P\jdk7u17\hotspot\src\share\vm\prims\jvm.cpp:1166
Event: 3.359 Thread 0x01184400 Threw 0x04a14168 at C:\jdk7u2_32P\jdk7u17\hotspot\src\share\vm\prims\jvm.cpp:1166
Event: 3.359 Thread 0x01184400 Threw 0x04a1a3e8 at C:\jdk7u2_32P\jdk7u17\hotspot\src\share\vm\prims\jvm.cpp:1166
Event: 3.359 Thread 0x01184400 Threw 0x04a1ce00 at C:\jdk7u2_32P\jdk7u17\hotspot\src\share\vm\prims\jvm.cpp:1166
Event: 3.360 Thread 0x01184400 Threw 0x04a26a28 at C:\jdk7u2_32P\jdk7u17\hotspot\src\share\vm\prims\jvm.cpp:1166
Event: 3.362 Thread 0x01184400 Threw 0x04a354d0 at C:\jdk7u2_32P\jdk7u17\hotspot\src\share\vm\prims\jvm.cpp:1166
Event: 3.362 Thread 0x01184400 Threw 0x04a40268 at C:\jdk7u2_32P\jdk7u17\hotspot\src\share\vm\prims\jvm.cpp:1166
Event: 3.363 Thread 0x01184400 Threw 0x04a428b0 at C:\jdk7u2_32P\jdk7u17\hotspot\src\share\vm\prims\jvm.cpp:1166
Event: 40.920 Thread 0x01184400 Threw 0x04a723d8 at C:\jdk7u2_32P\jdk7u17\hotspot\src\share\vm\prims\jvm.cpp:1166

Events (10 events):
Event: 333.641 Executing VM operation: GetCurrentLocation
Event: 333.641 Executing VM operation: GetCurrentLocation done
Event: 333.641 Executing VM operation: ChangeSingleStep
Event: 333.641 Executing VM operation: ChangeSingleStep done
Event: 333.642 Executing VM operation: ChangeSingleStep
Event: 333.642 Executing VM operation: ChangeSingleStep done
Event: 333.679 Executing VM operation: GetOrSetLocal
Event: 333.679 Executing VM operation: GetOrSetLocal done
Event: 333.682 Executing VM operation: GetOrSetLocal
Event: 333.682 Executing VM operation: GetOrSetLocal done


Dynamic libraries:
0x01330000 - 0x0135f000 	C:\Program Files (x86)\Java\jdk1.7.0_17\bin\javaw.exe
0x77ab0000 - 0x77c30000 	C:\Windows\SysWOW64\ntdll.dll
0x75c00000 - 0x75d10000 	C:\Windows\syswow64\kernel32.dll
0x75a80000 - 0x75ac6000 	C:\Windows\syswow64\KERNELBASE.dll
0x756e0000 - 0x75780000 	C:\Windows\syswow64\ADVAPI32.dll
0x768b0000 - 0x7695c000 	C:\Windows\syswow64\msvcrt.dll
0x75fa0000 - 0x75fb9000 	C:\Windows\SysWOW64\sechost.dll
0x75780000 - 0x75870000 	C:\Windows\syswow64\RPCRT4.dll
0x75610000 - 0x75670000 	C:\Windows\syswow64\SspiCli.dll
0x75600000 - 0x7560c000 	C:\Windows\syswow64\CRYPTBASE.dll
0x775b0000 - 0x776b0000 	C:\Windows\syswow64\USER32.dll
0x75d10000 - 0x75da0000 	C:\Windows\syswow64\GDI32.dll
0x766e0000 - 0x766ea000 	C:\Windows\syswow64\LPK.dll
0x76790000 - 0x7682d000 	C:\Windows\syswow64\USP10.dll
0x71ff0000 - 0x7218e000 	C:\Windows\WinSxS\x86_microsoft.windows.common-controls_6595b64144ccf1df_6.0.7601.17514_none_41e6975e2bd6f2b2\COMCTL32.dll
0x766f0000 - 0x76747000 	C:\Windows\syswow64\SHLWAPI.dll
0x75f40000 - 0x75fa0000 	C:\Windows\system32\IMM32.DLL
0x75ae0000 - 0x75bac000 	C:\Windows\syswow64\MSCTF.dll
0x74e10000 - 0x74ece000 	C:\Program Files (x86)\Java\jdk1.7.0_17\jre\bin\msvcr100.dll
0x73130000 - 0x7347c000 	C:\Program Files (x86)\Java\jdk1.7.0_17\jre\bin\client\jvm.dll
0x700c0000 - 0x700c7000 	C:\Windows\system32\WSOCK32.dll
0x76750000 - 0x76785000 	C:\Windows\syswow64\WS2_32.dll
0x77a80000 - 0x77a86000 	C:\Windows\syswow64\NSI.dll
0x72190000 - 0x721c2000 	C:\Windows\system32\WINMM.dll
0x75670000 - 0x75675000 	C:\Windows\syswow64\PSAPI.DLL
0x751b0000 - 0x751bc000 	C:\Program Files (x86)\Java\jdk1.7.0_17\jre\bin\verify.dll
0x75190000 - 0x751b0000 	C:\Program Files (x86)\Java\jdk1.7.0_17\jre\bin\java.dll
0x74c80000 - 0x74caa000 	C:\Program Files (x86)\Java\jdk1.7.0_17\jre\bin\jdwp.dll
0x751d0000 - 0x751d7000 	C:\Program Files (x86)\Java\jdk1.7.0_17\jre\bin\npt.dll
0x75170000 - 0x75183000 	C:\Program Files (x86)\Java\jdk1.7.0_17\jre\bin\zip.dll
0x751e0000 - 0x751e8000 	C:\Program Files (x86)\Java\jdk1.7.0_17\jre\bin\dt_socket.dll
0x74dc0000 - 0x74dd0000 	C:\Windows\system32\NLAapi.dll
0x74db0000 - 0x74dc0000 	C:\Windows\system32\napinsp.dll
0x74d90000 - 0x74da2000 	C:\Windows\system32\pnrpnsp.dll
0x74d50000 - 0x74d8c000 	C:\Windows\System32\mswsock.dll
0x74d00000 - 0x74d44000 	C:\Windows\system32\DNSAPI.dll
0x74cf0000 - 0x74cf8000 	C:\Windows\System32\winrnr.dll
0x75050000 - 0x7506c000 	C:\Windows\system32\IPHLPAPI.DLL
0x75040000 - 0x75047000 	C:\Windows\system32\WINNSI.DLL
0x72270000 - 0x722a8000 	C:\Windows\System32\fwpuclnt.dll
0x74b20000 - 0x74b26000 	C:\Windows\system32\rasadhlp.dll
0x74cb0000 - 0x74cb5000 	C:\Windows\System32\wshtcpip.dll
0x749d0000 - 0x74b12000 	C:\Program Files (x86)\Java\jdk1.7.0_17\jre\bin\awt.dll
0x76460000 - 0x764ef000 	C:\Windows\syswow64\OLEAUT32.dll
0x764f0000 - 0x7664c000 	C:\Windows\syswow64\ole32.dll
0x71560000 - 0x715e0000 	C:\Windows\system32\uxtheme.dll
0x19200000 - 0x19275000 	c:\program files (x86)\kingsoft\kingsoft antivirus\kwsui.dll
0x76960000 - 0x775aa000 	C:\Windows\syswow64\SHELL32.dll
0x75240000 - 0x7524d000 	C:\Windows\system32\WTSAPI32.dll
0x75530000 - 0x75539000 	C:\Windows\system32\VERSION.dll
0x71540000 - 0x71553000 	C:\Windows\system32\dwmapi.dll
0x18f10000 - 0x18f6f000 	c:\program files (x86)\kingsoft\kingsoft antivirus\lblocker.dll
0x6fc70000 - 0x6fe33000 	C:\Windows\system32\d3d9.dll
0x71b00000 - 0x71b06000 	C:\Windows\system32\d3d8thk.dll
0x6cb20000 - 0x6d922000 	C:\Windows\system32\nvd3dum.dll
0x197a0000 - 0x198a1000 	C:\Windows\system32\nvspcap.dll
0x76340000 - 0x7645d000 	C:\Windows\syswow64\CRYPT32.dll
0x75870000 - 0x7587c000 	C:\Windows\syswow64\MSASN1.dll
0x6e730000 - 0x6e9eb000 	C:\Windows\system32\nvapi.dll
0x75da0000 - 0x75f3d000 	C:\Windows\syswow64\SETUPAPI.dll
0x76210000 - 0x76237000 	C:\Windows\syswow64\CFGMGR32.dll
0x76830000 - 0x76842000 	C:\Windows\syswow64\DEVOBJ.dll
0x6f0f0000 - 0x6f115000 	C:\Windows\system32\powrprof.dll
0x6f280000 - 0x6f3b7000 	C:\Program Files (x86)\NVIDIA Corporation\3D Vision\nvSCPAPI.dll
0x74c50000 - 0x74c7a000 	C:\Program Files (x86)\Java\jdk1.7.0_17\jre\bin\fontmanager.dll
0x74f70000 - 0x74f84000 	C:\Program Files (x86)\Java\jdk1.7.0_17\jre\bin\net.dll
0x71f20000 - 0x71f26000 	C:\Windows\System32\wship6.dll
0x75200000 - 0x7520e000 	C:\Program Files (x86)\Java\jdk1.7.0_17\jre\bin\nio.dll
0x74f00000 - 0x74f31000 	C:\Program Files (x86)\Java\jdk1.7.0_17\jre\bin\t2k.dll
0x76650000 - 0x766d3000 	C:\Windows\syswow64\CLBCatQ.DLL
0x70690000 - 0x7078b000 	C:\Windows\system32\WindowsCodecs.dll
0x71970000 - 0x719bc000 	C:\Windows\system32\apphelp.dll
0x72680000 - 0x726b1000 	C:\Windows\system32\EhStorShell.dll
0x72700000 - 0x727f5000 	C:\Windows\system32\PROPSYS.dll
0x70620000 - 0x70690000 	C:\Windows\system32\ntshrui.dll
0x75080000 - 0x75099000 	C:\Windows\system32\srvcli.dll
0x72670000 - 0x7267b000 	C:\Windows\system32\cscapi.dll
0x72660000 - 0x7266a000 	C:\Windows\system32\slc.dll
0x75380000 - 0x7546b000 	C:\Windows\system32\dbghelp.dll

VM Arguments:
jvm_args: -agentlib:jdwp=transport=dt_socket,suspend=y,address=localhost:59978 -Dfile.encoding=UTF-8 
java_command: poi.ui.DealExcelUI
Launcher Type: SUN_STANDARD

Environment Variables:
JAVA_HOME=C:\Program Files (x86)\Java\jdk1.7.0_17
PATH=C:\Program Files (x86)\NVIDIA Corporation\PhysX\Common;C:\Windows\system32;C:\Windows;C:\Windows\System32\Wbem;C:\Windows\System32\WindowsPowerShell\v1.0\;C:\Program Files (x86)\Windows7Master;C:\Program Files (x86)\Intel\OpenCL SDK\3.0\bin\x86;C:\Program Files (x86)\Intel\OpenCL SDK\3.0\bin\x64;C:\Program Files (x86)\Java\jdk1.7.0_17\bin;C:\Program Files (x86)\Java\jdk1.7.0_17\jre\bin;F:\eclipse-kepler\apache-maven-3.1.1\bin;
USERNAME=Administrator
OS=Windows_NT
PROCESSOR_IDENTIFIER=Intel64 Family 6 Model 60 Stepping 3, GenuineIntel



---------------  S Y S T E M  ---------------

OS: Windows 7 , 64 bit Build 7601 Service Pack 1

CPU:total 4 (4 cores per cpu, 1 threads per core) family 6 model 60 stepping 3, cmov, cx8, fxsr, mmx, sse, sse2, sse3, ssse3, sse4.1, sse4.2, popcnt, avx, avx2, tsc, tscinvbit

Memory: 4k page, physical 16717964k(13532292k free), swap 33434076k(29712720k free)

vm_info: Java HotSpot(TM) Client VM (23.7-b01) for windows-x86 JRE (1.7.0_17-b02), built on Mar  1 2013 05:04:36 by "java_re" with unknown MS VC++:1600

time: Tue May 20 23:02:53 2014
elapsed time: 333 seconds

